c:\users\yehonato\dropbox\phd\research\edgedetection\cppedgedetection\edgedetection\edgedetection\debug\vc120.pdb
c:\users\yehonato\dropbox\phd\research\edgedetection\cppedgedetection\edgedetection\edgedetection\debug\vc120.idb
c:\users\yehonato\dropbox\phd\research\edgedetection\cppedgedetection\edgedetection\edgedetection\debug\demo.obj
c:\users\yehonato\dropbox\phd\research\edgedetection\cppedgedetection\edgedetection\edgedetection\debug\detector.obj
c:\users\yehonato\dropbox\phd\research\edgedetection\cppedgedetection\edgedetection\edgedetection\debug\tools.obj
c:\users\yehonato\dropbox\phd\research\edgedetection\cppedgedetection\edgedetection\debug\edgedetection.ilk
c:\users\yehonato\dropbox\phd\research\edgedetection\cppedgedetection\edgedetection\debug\edgedetection.exe
c:\users\yehonato\dropbox\phd\research\edgedetection\cppedgedetection\edgedetection\debug\edgedetection.pdb
c:\users\nati ofir\dropbox\phd\research\edgedetection\cppedgedetection\edgedetection\edgedetection\debug\demo.obj
c:\users\nati ofir\dropbox\phd\research\edgedetection\cppedgedetection\edgedetection\edgedetection\debug\detector.obj
c:\users\nati ofir\dropbox\phd\research\edgedetection\cppedgedetection\edgedetection\edgedetection\debug\tools.obj
c:\users\nati ofir\dropbox\phd\research\edgedetection\cppedgedetection\edgedetection\edgedetection\debug\vc120.idb
c:\users\nati ofir\dropbox\phd\research\edgedetection\cppedgedetection\edgedetection\edgedetection\debug\vc120.pdb
c:\users\nati ofir\dropbox\phd\research\edgedetection\cppedgedetection\edgedetection\debug\edgedetection.pdb
c:\users\nati ofir\dropbox\phd\research\edgedetection\cppedgedetection\edgedetection\debug\edgedetection.exe
c:\users\nati ofir\dropbox\phd\research\edgedetection\cppedgedetection\edgedetection\debug\edgedetection.ilk
c:\users\nati ofir\dropbox\phd\research\edgedetection\cppedgedetection\edgedetection\edgedetection\debug\edgedetection.tlog\cl.command.1.tlog
c:\users\nati ofir\dropbox\phd\research\edgedetection\cppedgedetection\edgedetection\edgedetection\debug\edgedetection.tlog\cl.read.1.tlog
c:\users\nati ofir\dropbox\phd\research\edgedetection\cppedgedetection\edgedetection\edgedetection\debug\edgedetection.tlog\cl.write.1.tlog
c:\users\nati ofir\dropbox\phd\research\edgedetection\cppedgedetection\edgedetection\edgedetection\debug\edgedetection.tlog\link.command.1.tlog
c:\users\nati ofir\dropbox\phd\research\edgedetection\cppedgedetection\edgedetection\edgedetection\debug\edgedetection.tlog\link.read.1.tlog
c:\users\nati ofir\dropbox\phd\research\edgedetection\cppedgedetection\edgedetection\edgedetection\debug\edgedetection.tlog\link.write.1.tlog
